<?xml version="1.0" encoding="UTF-8"?>
<!-- Generated by org.testng.reporters.JUnitReportReporter -->
<testsuite skipped="0" hostname="Mujju-PC" name="runner.TestNGRunner" tests="1" failures="0" timestamp="2022-09-14T18:29:53 IST" time="0.437" errors="1">
  <testcase name="setUpClass" time="0.437" classname="runner.TestNGRunner">
    <error type="io.cucumber.core.gherkin.FeatureParserException" message="Failed to parse resource at: file:///C:/eclips01.java/CucumberDemo03/src/test/java/features/register.feature
(13:1): expected: #TagLine, #FeatureLine, #Comment, #Empty, got &#039;Scenario: Register an account with valid details&#039;
(14:1): expected: #TagLine, #FeatureLine, #Comment, #Empty, got &#039;Given User nanigates to Registration page&#039;
(15:1): expected: #TagLine, #FeatureLine, #Comment, #Empty, got &#039;When User provies the following details into the input fields&#039;
(16:1): expected: #TagLine, #FeatureLine, #Comment, #Empty, got &#039;|firstName|muzammil|&#039;
(17:1): expected: #TagLine, #FeatureLine, #Comment, #Empty, got &#039;|lastName|sayyed|&#039;
(18:1): expected: #TagLine, #FeatureLine, #Comment, #Empty, got &#039;|email|muz09@gmail.com|&#039;
(19:1): expected: #TagLine, #FeatureLine, #Comment, #Empty, got &#039;|Phone|123456789|&#039;
(20:1): expected: #TagLine, #FeatureLine, #Comment, #Empty, got &#039;|password|123@456|&#039;
(21:1): expected: #TagLine, #FeatureLine, #Comment, #Empty, got &#039;And Selects the privacy policy option&#039;
(23:0): unexpected end of file, expected: #TagLine, #FeatureLine, #Comment, #Empty">
      <![CDATA[io.cucumber.core.gherkin.FeatureParserException: Failed to parse resource at: file:///C:/eclips01.java/CucumberDemo03/src/test/java/features/register.feature
(13:1): expected: #TagLine, #FeatureLine, #Comment, #Empty, got 'Scenario: Register an account with valid details'
(14:1): expected: #TagLine, #FeatureLine, #Comment, #Empty, got 'Given User nanigates to Registration page'
(15:1): expected: #TagLine, #FeatureLine, #Comment, #Empty, got 'When User provies the following details into the input fields'
(16:1): expected: #TagLine, #FeatureLine, #Comment, #Empty, got '|firstName|muzammil|'
(17:1): expected: #TagLine, #FeatureLine, #Comment, #Empty, got '|lastName|sayyed|'
(18:1): expected: #TagLine, #FeatureLine, #Comment, #Empty, got '|email|muz09@gmail.com|'
(19:1): expected: #TagLine, #FeatureLine, #Comment, #Empty, got '|Phone|123456789|'
(20:1): expected: #TagLine, #FeatureLine, #Comment, #Empty, got '|password|123@456|'
(21:1): expected: #TagLine, #FeatureLine, #Comment, #Empty, got 'And Selects the privacy policy option'
(23:0): unexpected end of file, expected: #TagLine, #FeatureLine, #Comment, #Empty
at io.cucumber.core.gherkin.messages.GherkinMessagesFeatureParser.parse(GherkinMessagesFeatureParser.java:43)
at io.cucumber.core.feature.FeatureParser.parseResource(FeatureParser.java:45)
at java.util.function.BiFunction.lambda$andThen$0(BiFunction.java:70)
at io.cucumber.core.resource.ResourceScanner.lambda$processResource$1(ResourceScanner.java:79)
at io.cucumber.core.resource.PathScanner$ResourceFileVisitor.visitFile(PathScanner.java:75)
at io.cucumber.core.resource.PathScanner$ResourceFileVisitor.visitFile(PathScanner.java:60)
at java.nio.file.Files.walkFileTree(Files.java:2670)
at io.cucumber.core.resource.PathScanner.findResourcesForPath(PathScanner.java:53)
at io.cucumber.core.resource.PathScanner.findResourcesForUri(PathScanner.java:31)
at io.cucumber.core.resource.ResourceScanner.findResourcesForUri(ResourceScanner.java:61)
at io.cucumber.core.resource.ResourceScanner.scanForResourcesUri(ResourceScanner.java:134)
at io.cucumber.core.runtime.FeaturePathFeatureSupplier.loadFeatures(FeaturePathFeatureSupplier.java:62)
at io.cucumber.core.runtime.FeaturePathFeatureSupplier.get(FeaturePathFeatureSupplier.java:45)
at io.cucumber.testng.TestNGCucumberRunner.<init>(TestNGCucumberRunner.java:122)
at io.cucumber.testng.AbstractTestNGCucumberTests.setUpClass(AbstractTestNGCucumberTests.java:27)
at sun.reflect.NativeMethodAccessorImpl.invoke0(Native Method)
at sun.reflect.NativeMethodAccessorImpl.invoke(NativeMethodAccessorImpl.java:62)
at sun.reflect.DelegatingMethodAccessorImpl.invoke(DelegatingMethodAccessorImpl.java:43)
at java.lang.reflect.Method.invoke(Method.java:498)
at org.testng.internal.MethodInvocationHelper.invokeMethod(MethodInvocationHelper.java:132)
at org.testng.internal.MethodInvocationHelper.invokeMethodConsideringTimeout(MethodInvocationHelper.java:61)
at org.testng.internal.ConfigInvoker.invokeConfigurationMethod(ConfigInvoker.java:366)
at org.testng.internal.ConfigInvoker.invokeConfigurations(ConfigInvoker.java:320)
at org.testng.internal.TestMethodWorker.invokeBeforeClassMethods(TestMethodWorker.java:176)
at org.testng.internal.TestMethodWorker.run(TestMethodWorker.java:122)
at java.util.ArrayList.forEach(ArrayList.java:1257)
at org.testng.TestRunner.privateRun(TestRunner.java:764)
at org.testng.TestRunner.run(TestRunner.java:585)
at org.testng.SuiteRunner.runTest(SuiteRunner.java:384)
at org.testng.SuiteRunner.runSequentially(SuiteRunner.java:378)
at org.testng.SuiteRunner.privateRun(SuiteRunner.java:337)
at org.testng.SuiteRunner.run(SuiteRunner.java:286)
at org.testng.SuiteRunnerWorker.runSuite(SuiteRunnerWorker.java:53)
at org.testng.SuiteRunnerWorker.run(SuiteRunnerWorker.java:96)
at org.testng.TestNG.runSuitesSequentially(TestNG.java:1218)
at org.testng.TestNG.runSuitesLocally(TestNG.java:1140)
at org.testng.TestNG.runSuites(TestNG.java:1069)
at org.testng.TestNG.run(TestNG.java:1037)
at org.testng.remote.AbstractRemoteTestNG.run(AbstractRemoteTestNG.java:115)
at org.testng.remote.RemoteTestNG.initAndRun(RemoteTestNG.java:251)
at org.testng.remote.RemoteTestNG.main(RemoteTestNG.java:77)
]]>
    </error>
  </testcase> <!-- setUpClass -->
  <system-out/>
</testsuite> <!-- runner.TestNGRunner -->
